0 info it worked if it ends with ok
1 verbose cli [ '/usr/local/bin/node', '/usr/local/bin/npm', 'run', 'cov' ]
2 info using npm@3.9.3
3 info using node@v7.0.0-pre
4 verbose run-script [ 'precov', 'cov', 'postcov' ]
5 info lifecycle alipay-mobile@1.0.1~precov: alipay-mobile@1.0.1
6 silly lifecycle alipay-mobile@1.0.1~precov: no script for precov, continuing
7 info lifecycle alipay-mobile@1.0.1~cov: alipay-mobile@1.0.1
8 verbose lifecycle alipay-mobile@1.0.1~cov: unsafe-perm in lifecycle true
9 verbose lifecycle alipay-mobile@1.0.1~cov: PATH: /usr/local/lib/node_modules/npm/bin/node-gyp-bin:/home/luncher/work/alipay-mobile/node_modules/.bin:/usr/local/bin:/home/luncher/.nvm/versions/node/v6.4.0/bin:/home/luncher/work/jdbshell:/home/luncher/work/android-sdk-linux/platform-tools:/home/luncher/work/android-sdk-linux/tools:/home/luncher/work/jdbshell:/home/luncher/work/android-sdk-linux/platform-tools:/home/luncher/work/android-sdk-linux/tools:/data/charles/bin:/data/robomongo/bin:/home/luncher/work/jdbshell:/home/luncher/work/android-sdk-linux/platform-tools:/home/luncher/work/android-sdk-linux/tools:/home/luncher/charles/bin:/home/luncher/.config/composer/vendor/bin/:/home/luncher/phantomjs-2.1.1-linux-x86_64/bin/:/home/luncher/work/jdbshell:/home/luncher/work/android-sdk-linux/platform-tools:/home/luncher/work/android-sdk-linux/tools:/usr/lib64/qt-3.3/bin:/usr/local/bin:/usr/local/sbin:/usr/bin:/usr/sbin:/bin:/sbin:/usr/java/jdk1.8.0_40/bin:/usr/java/jdk1.8.0_40/jre/bin:/usr/java/jdk1.8.0_40/bin:/usr/java/jdk1.8.0_40:/home/luncher/work/android-ndk-r10:/opt/tangide/dev/x-server/node_modules/.bin:/home/luncher/egret-core/tools/bin/:/opt/HolaStudio/:/home/luncher/.local/bin:/home/luncher/bin:/home/luncher/Qt5.4.1/5.4/gcc_64/bin:/usr/java/jdk1.8.0_40/bin:/usr/java/jdk1.8.0_40/jre/bin:/usr/java/jdk1.8.0_40/bin:/usr/java/jdk1.8.0_40:/home/luncher/work/android-ndk-r10:/opt/tangide/dev/x-server/node_modules/.bin:/home/luncher/egret-core/tools/bin/:/opt/HolaStudio/:/home/luncher/.local/bin:/home/luncher/bin:/home/luncher/Qt5.4.1/5.4/gcc_64/bin:/usr/java/jdk1.8.0_40/bin:/usr/java/jdk1.8.0_40/jre/bin:/usr/java/jdk1.8.0_40/bin:/usr/java/jdk1.8.0_40:/home/luncher/work/android-ndk-r10:/opt/tangide/dev/x-server/node_modules/.bin:/home/luncher/egret-core/tools/bin/:/opt/HolaStudio/:/usr/java/jdk1.8.0_40/bin:/usr/java/jdk1.8.0_40/jre/bin:/usr/java/jdk1.8.0_40/bin:/usr/java/jdk1.8.0_40:/home/luncher/work/android-ndk-r10:/opt/tangide/dev/x-server/node_modules/.bin:/home/luncher/egret-core/tools/bin/:/opt/HolaStudio/
10 verbose lifecycle alipay-mobile@1.0.1~cov: CWD: /home/luncher/work/alipay-mobile
11 silly lifecycle alipay-mobile@1.0.1~cov: Args: [ '-c',
11 silly lifecycle   'cross-env NODE_ENV=test nyc --reporter=lcovonly -- -R spec mocha test/*.js --timeout 15000 --recursive --compilers js:babel-register' ]
12 silly lifecycle alipay-mobile@1.0.1~cov: Returned: code: 9  signal: null
13 info lifecycle alipay-mobile@1.0.1~cov: Failed to exec cov script
14 verbose stack Error: alipay-mobile@1.0.1 cov: `cross-env NODE_ENV=test nyc --reporter=lcovonly -- -R spec mocha test/*.js --timeout 15000 --recursive --compilers js:babel-register`
14 verbose stack Exit status 9
14 verbose stack     at EventEmitter.<anonymous> (/usr/local/lib/node_modules/npm/lib/utils/lifecycle.js:245:16)
14 verbose stack     at emitTwo (events.js:106:13)
14 verbose stack     at EventEmitter.emit (events.js:191:7)
14 verbose stack     at ChildProcess.<anonymous> (/usr/local/lib/node_modules/npm/lib/utils/spawn.js:24:14)
14 verbose stack     at emitTwo (events.js:106:13)
14 verbose stack     at ChildProcess.emit (events.js:191:7)
14 verbose stack     at maybeClose (internal/child_process.js:852:16)
14 verbose stack     at Process.ChildProcess._handle.onexit (internal/child_process.js:215:5)
15 verbose pkgid alipay-mobile@1.0.1
16 verbose cwd /home/luncher/work/alipay-mobile
17 error Linux 4.1.13-100.fc21.x86_64
18 error argv "/usr/local/bin/node" "/usr/local/bin/npm" "run" "cov"
19 error node v7.0.0-pre
20 error npm  v3.9.3
21 error code ELIFECYCLE
22 error alipay-mobile@1.0.1 cov: `cross-env NODE_ENV=test nyc --reporter=lcovonly -- -R spec mocha test/*.js --timeout 15000 --recursive --compilers js:babel-register`
22 error Exit status 9
23 error Failed at the alipay-mobile@1.0.1 cov script 'cross-env NODE_ENV=test nyc --reporter=lcovonly -- -R spec mocha test/*.js --timeout 15000 --recursive --compilers js:babel-register'.
23 error Make sure you have the latest version of node.js and npm installed.
23 error If you do, this is most likely a problem with the alipay-mobile package,
23 error not with npm itself.
23 error Tell the author that this fails on your system:
23 error     cross-env NODE_ENV=test nyc --reporter=lcovonly -- -R spec mocha test/*.js --timeout 15000 --recursive --compilers js:babel-register
23 error You can get information on how to open an issue for this project with:
23 error     npm bugs alipay-mobile
23 error Or if that isn't available, you can get their info via:
23 error     npm owner ls alipay-mobile
23 error There is likely additional logging output above.
24 verbose exit [ 1, true ]
